[    1018ms] [INFO] %cDownload the React DevTools for a better development experience: https://react.dev/link/react-devtools font-weight:bold @ http://localhost:1420/node_modules/.vite/deps/react-dom_client.js?v=1f83dcda:20102
[    1092ms] [LOG] [Forge] checkAuth: checking keychain... @ http://localhost:1420/src/hooks/useAuth.ts:11
[    1093ms] [LOG] [Forge] checkAuth: checking keychain... @ http://localhost:1420/src/hooks/useAuth.ts:11
[    1093ms] [ERROR] [Forge] checkAuth error: TypeError: Cannot read properties of undefined (reading 'invoke')
    at invoke (http://localhost:1420/node_modules/.vite/deps/chunk-T4FVAMNU.js?v=1f83dcda:109:37)
    at Object.getStoredToken (http://localhost:1420/src/ipc/auth.ts:5:25)
    at checkAuth (http://localhost:1420/src/hooks/useAuth.ts:14:35)
    at http://localhost:1420/src/hooks/useAuth.ts:8:7
    at Object.react_stack_bottom_frame (http://localhost:1420/node_modules/.vite/deps/react-dom_client.js?v=1f83dcda:18567:20)
    at runWithFiberInDEV (http://localhost:1420/node_modules/.vite/deps/react-dom_client.js?v=1f83dcda:997:72)
    at commitHookEffectListMount (http://localhost:1420/node_modules/.vite/deps/react-dom_client.js?v=1f83dcda:9411:163)
    at commitHookPassiveMountEffects (http://localhost:1420/node_modules/.vite/deps/react-dom_client.js?v=1f83dcda:9465:60)
    at commitPassiveMountOnFiber (http://localhost:1420/node_modules/.vite/deps/react-dom_client.js?v=1f83dcda:11040:29)
    at recursivelyTraversePassiveMountEffects (http://localhost:1420/node_modules/.vite/deps/react-dom_client.js?v=1f83dcda:11010:13) @ http://localhost:1420/src/hooks/useAuth.ts:29
[    1093ms] [ERROR] [Forge] checkAuth error: TypeError: Cannot read properties of undefined (reading 'invoke')
    at invoke (http://localhost:1420/node_modules/.vite/deps/chunk-T4FVAMNU.js?v=1f83dcda:109:37)
    at Object.getStoredToken (http://localhost:1420/src/ipc/auth.ts:5:25)
    at checkAuth (http://localhost:1420/src/hooks/useAuth.ts:14:35)
    at http://localhost:1420/src/hooks/useAuth.ts:8:7
    at Object.react_stack_bottom_frame (http://localhost:1420/node_modules/.vite/deps/react-dom_client.js?v=1f83dcda:18567:20)
    at runWithFiberInDEV (http://localhost:1420/node_modules/.vite/deps/react-dom_client.js?v=1f83dcda:997:72)
    at commitHookEffectListMount (http://localhost:1420/node_modules/.vite/deps/react-dom_client.js?v=1f83dcda:9411:163)
    at commitHookPassiveMountEffects (http://localhost:1420/node_modules/.vite/deps/react-dom_client.js?v=1f83dcda:9465:60)
    at reconnectPassiveEffects (http://localhost:1420/node_modules/.vite/deps/react-dom_client.js?v=1f83dcda:11273:13)
    at recursivelyTraverseReconnectPassiveEffects (http://localhost:1420/node_modules/.vite/deps/react-dom_client.js?v=1f83dcda:11240:11) @ http://localhost:1420/src/hooks/useAuth.ts:29
[   10734ms] [ERROR] WebSocket connection to 'ws://localhost:1420/?token=FIxiNkzGgGfb' failed:  @ http://localhost:1420/@vite/client:801
[   10734ms] [LOG] [vite] server connection lost. Polling for restart... @ http://localhost:1420/@vite/client:963
[   10777ms] [ERROR] WebSocket connection to 'ws://localhost:1420/' failed: Error in connection establishment: net::ERR_CONNECTION_REFUSED @ http://localhost:1420/@vite/client:1034
[   11780ms] [ERROR] WebSocket connection to 'ws://localhost:1420/' failed: Error in connection establishment: net::ERR_CONNECTION_REFUSED @ http://localhost:1420/@vite/client:1034
[   12782ms] [ERROR] WebSocket connection to 'ws://localhost:1420/' failed: Error in connection establishment: net::ERR_CONNECTION_REFUSED @ http://localhost:1420/@vite/client:1034
[   13784ms] [ERROR] WebSocket connection to 'ws://localhost:1420/' failed: Error in connection establishment: net::ERR_CONNECTION_REFUSED @ http://localhost:1420/@vite/client:1034
[   14790ms] [ERROR] WebSocket connection to 'ws://localhost:1420/' failed: Error in connection establishment: net::ERR_CONNECTION_REFUSED @ http://localhost:1420/@vite/client:1034
[   15798ms] [ERROR] WebSocket connection to 'ws://localhost:1420/' failed: Error in connection establishment: net::ERR_CONNECTION_REFUSED @ http://localhost:1420/@vite/client:1034
[   16803ms] [ERROR] WebSocket connection to 'ws://localhost:1420/' failed: Error in connection establishment: net::ERR_CONNECTION_REFUSED @ http://localhost:1420/@vite/client:1034
[   17829ms] [ERROR] WebSocket connection to 'ws://localhost:1420/' failed: Error in connection establishment: net::ERR_CONNECTION_REFUSED @ http://localhost:1420/@vite/client:1034
[   18860ms] [ERROR] WebSocket connection to 'ws://localhost:1420/' failed: Error in connection establishment: net::ERR_CONNECTION_REFUSED @ http://localhost:1420/@vite/client:1034
[   19946ms] [ERROR] WebSocket connection to 'ws://localhost:1420/' failed: Error in connection establishment: net::ERR_CONNECTION_REFUSED @ http://localhost:1420/@vite/client:1034
[   21106ms] [ERROR] WebSocket connection to 'ws://localhost:1420/' failed: Error in connection establishment: net::ERR_CONNECTION_REFUSED @ http://localhost:1420/@vite/client:1034
[   22248ms] [ERROR] WebSocket connection to 'ws://localhost:1420/' failed: Error in connection establishment: net::ERR_CONNECTION_REFUSED @ http://localhost:1420/@vite/client:1034
[   23385ms] [ERROR] WebSocket connection to 'ws://localhost:1420/' failed: Error in connection establishment: net::ERR_CONNECTION_REFUSED @ http://localhost:1420/@vite/client:1034
[   24847ms] [ERROR] WebSocket connection to 'ws://localhost:1420/' failed: Error in connection establishment: net::ERR_CONNECTION_REFUSED @ http://localhost:1420/@vite/client:1034
[   27619ms] [INFO] %cDownload the React DevTools for a better development experience: https://react.dev/link/react-devtools font-weight:bold @ http://localhost:1420/node_modules/.vite/deps/react-dom_client.js?v=1f83dcda:20102
[   27640ms] [LOG] [Forge] checkAuth: checking keychain... @ http://localhost:1420/src/hooks/useAuth.ts:11
[   27640ms] [LOG] [Forge] checkAuth: checking keychain... @ http://localhost:1420/src/hooks/useAuth.ts:11
[   27640ms] [ERROR] [Forge] checkAuth error: TypeError: Cannot read properties of undefined (reading 'invoke')
    at invoke (http://localhost:1420/node_modules/.vite/deps/chunk-T4FVAMNU.js?v=1f83dcda:109:37)
    at Object.getStoredToken (http://localhost:1420/src/ipc/auth.ts:5:25)
    at checkAuth (http://localhost:1420/src/hooks/useAuth.ts:14:35)
    at http://localhost:1420/src/hooks/useAuth.ts:8:7
    at Object.react_stack_bottom_frame (http://localhost:1420/node_modules/.vite/deps/react-dom_client.js?v=1f83dcda:18567:20)
    at runWithFiberInDEV (http://localhost:1420/node_modules/.vite/deps/react-dom_client.js?v=1f83dcda:997:72)
    at commitHookEffectListMount (http://localhost:1420/node_modules/.vite/deps/react-dom_client.js?v=1f83dcda:9411:163)
    at commitHookPassiveMountEffects (http://localhost:1420/node_modules/.vite/deps/react-dom_client.js?v=1f83dcda:9465:60)
    at commitPassiveMountOnFiber (http://localhost:1420/node_modules/.vite/deps/react-dom_client.js?v=1f83dcda:11040:29)
    at recursivelyTraversePassiveMountEffects (http://localhost:1420/node_modules/.vite/deps/react-dom_client.js?v=1f83dcda:11010:13) @ http://localhost:1420/src/hooks/useAuth.ts:29
[   27640ms] [ERROR] [Forge] checkAuth error: TypeError: Cannot read properties of undefined (reading 'invoke')
    at invoke (http://localhost:1420/node_modules/.vite/deps/chunk-T4FVAMNU.js?v=1f83dcda:109:37)
    at Object.getStoredToken (http://localhost:1420/src/ipc/auth.ts:5:25)
    at checkAuth (http://localhost:1420/src/hooks/useAuth.ts:14:35)
    at http://localhost:1420/src/hooks/useAuth.ts:8:7
    at Object.react_stack_bottom_frame (http://localhost:1420/node_modules/.vite/deps/react-dom_client.js?v=1f83dcda:18567:20)
    at runWithFiberInDEV (http://localhost:1420/node_modules/.vite/deps/react-dom_client.js?v=1f83dcda:997:72)
    at commitHookEffectListMount (http://localhost:1420/node_modules/.vite/deps/react-dom_client.js?v=1f83dcda:9411:163)
    at commitHookPassiveMountEffects (http://localhost:1420/node_modules/.vite/deps/react-dom_client.js?v=1f83dcda:9465:60)
    at reconnectPassiveEffects (http://localhost:1420/node_modules/.vite/deps/react-dom_client.js?v=1f83dcda:11273:13)
    at recursivelyTraverseReconnectPassiveEffects (http://localhost:1420/node_modules/.vite/deps/react-dom_client.js?v=1f83dcda:11240:11) @ http://localhost:1420/src/hooks/useAuth.ts:29
[  178504ms] [ERROR] WebSocket connection to 'ws://localhost:1420/?token=gG1e0YOl7xIg' failed:  @ http://localhost:1420/@vite/client:801
[  178504ms] [LOG] [vite] server connection lost. Polling for restart... @ http://localhost:1420/@vite/client:963
[  178552ms] [ERROR] WebSocket connection to 'ws://localhost:1420/' failed: Error in connection establishment: net::ERR_CONNECTION_REFUSED @ http://localhost:1420/@vite/client:1034
[  179554ms] [ERROR] WebSocket connection to 'ws://localhost:1420/' failed: Error in connection establishment: net::ERR_CONNECTION_REFUSED @ http://localhost:1420/@vite/client:1034
[  181529ms] [INFO] %cDownload the React DevTools for a better development experience: https://react.dev/link/react-devtools font-weight:bold @ http://localhost:1420/node_modules/.vite/deps/react-dom_client.js?v=1f83dcda:20102
[  181551ms] [LOG] [Forge] checkAuth: checking keychain... @ http://localhost:1420/src/hooks/useAuth.ts:11
[  181551ms] [LOG] [Forge] checkAuth: checking keychain... @ http://localhost:1420/src/hooks/useAuth.ts:11
[  181552ms] [ERROR] [Forge] checkAuth error: TypeError: Cannot read properties of undefined (reading 'invoke')
    at invoke (http://localhost:1420/node_modules/.vite/deps/chunk-T4FVAMNU.js?v=1f83dcda:109:37)
    at Object.getStoredToken (http://localhost:1420/src/ipc/auth.ts:5:25)
    at checkAuth (http://localhost:1420/src/hooks/useAuth.ts:14:35)
    at http://localhost:1420/src/hooks/useAuth.ts:8:7
    at Object.react_stack_bottom_frame (http://localhost:1420/node_modules/.vite/deps/react-dom_client.js?v=1f83dcda:18567:20)
    at runWithFiberInDEV (http://localhost:1420/node_modules/.vite/deps/react-dom_client.js?v=1f83dcda:997:72)
    at commitHookEffectListMount (http://localhost:1420/node_modules/.vite/deps/react-dom_client.js?v=1f83dcda:9411:163)
    at commitHookPassiveMountEffects (http://localhost:1420/node_modules/.vite/deps/react-dom_client.js?v=1f83dcda:9465:60)
    at commitPassiveMountOnFiber (http://localhost:1420/node_modules/.vite/deps/react-dom_client.js?v=1f83dcda:11040:29)
    at recursivelyTraversePassiveMountEffects (http://localhost:1420/node_modules/.vite/deps/react-dom_client.js?v=1f83dcda:11010:13) @ http://localhost:1420/src/hooks/useAuth.ts:29
[  181552ms] [ERROR] [Forge] checkAuth error: TypeError: Cannot read properties of undefined (reading 'invoke')
    at invoke (http://localhost:1420/node_modules/.vite/deps/chunk-T4FVAMNU.js?v=1f83dcda:109:37)
    at Object.getStoredToken (http://localhost:1420/src/ipc/auth.ts:5:25)
    at checkAuth (http://localhost:1420/src/hooks/useAuth.ts:14:35)
    at http://localhost:1420/src/hooks/useAuth.ts:8:7
    at Object.react_stack_bottom_frame (http://localhost:1420/node_modules/.vite/deps/react-dom_client.js?v=1f83dcda:18567:20)
    at runWithFiberInDEV (http://localhost:1420/node_modules/.vite/deps/react-dom_client.js?v=1f83dcda:997:72)
    at commitHookEffectListMount (http://localhost:1420/node_modules/.vite/deps/react-dom_client.js?v=1f83dcda:9411:163)
    at commitHookPassiveMountEffects (http://localhost:1420/node_modules/.vite/deps/react-dom_client.js?v=1f83dcda:9465:60)
    at reconnectPassiveEffects (http://localhost:1420/node_modules/.vite/deps/react-dom_client.js?v=1f83dcda:11273:13)
    at recursivelyTraverseReconnectPassiveEffects (http://localhost:1420/node_modules/.vite/deps/react-dom_client.js?v=1f83dcda:11240:11) @ http://localhost:1420/src/hooks/useAuth.ts:29
